Running: C:\Xilinx\14.7\ISE_DS\ISE\bin\nt64\unwrapped\fuse.exe -intstyle ise -incremental -lib secureip -o C:/Users/ayroz/Desktop/four/normalize/normalize/tb_isim_beh.exe -prj C:/Users/ayroz/Desktop/four/normalize/normalize/tb_beh.prj work.tb 
ISim P.20131013 (signature 0x7708f090)
Number of CPUs detected in this system: 4
Turning on mult-threading, number of parallel sub-compilation jobs: 8 
Determining compilation order of HDL files
Parsing VHDL file "C:/Users/ayroz/Desktop/four/normalize/normalize/normalize.vhd" into library work
Parsing VHDL file "C:/Users/ayroz/Desktop/four/normalize/normalize/tb.vhd" into library work
Starting static elaboration
WARNING:HDLCompiler:794 - "C:/Users/ayroz/Desktop/four/normalize/normalize/normalize.vhd" Line 73: Statement might not cover all choices ; 'others' clause recommended
WARNING:HDLCompiler:794 - "C:/Users/ayroz/Desktop/four/normalize/normalize/normalize.vhd" Line 77: Statement might not cover all choices ; 'others' clause recommended
Completed static elaboration
Compiling package standard
Compiling package std_logic_1164
Compiling package std_logic_arith
Compiling package std_logic_unsigned
Compiling package numeric_std
Compiling architecture behavioral of entity normalize [normalize_default]
Compiling architecture behavior of entity tb
Time Resolution for simulation is 1ps.
Waiting for 1 sub-compilation(s) to finish...
Compiled 8 VHDL Units
Built simulation executable C:/Users/ayroz/Desktop/four/normalize/normalize/tb_isim_beh.exe
Fuse Memory Usage: 36736 KB
Fuse CPU Usage: 437 ms
