Release 14.7 - xst P.20131013 (nt64)
Copyright (c) 1995-2013 Xilinx, Inc.  All rights reserved.
--> Parameter TMPDIR set to xst/projnav.tmp


Total REAL time to Xst completion: 0.00 secs
Total CPU time to Xst completion: 0.05 secs
 
--> Parameter xsthdpdir set to xst


Total REAL time to Xst completion: 0.00 secs
Total CPU time to Xst completion: 0.05 secs
 
--> Reading design: shfit_right.prj

TABLE OF CONTENTS
  1) Synthesis Options Summary
  2) HDL Parsing
  3) HDL Elaboration
  4) HDL Synthesis
       4.1) HDL Synthesis Report
  5) Advanced HDL Synthesis
       5.1) Advanced HDL Synthesis Report
  6) Low Level Synthesis
  7) Partition Report
  8) Design Summary
       8.1) Primitive and Black Box Usage
       8.2) Device utilization summary
       8.3) Partition Resource Summary
       8.4) Timing Report
            8.4.1) Clock Information
            8.4.2) Asynchronous Control Signals Information
            8.4.3) Timing Summary
            8.4.4) Timing Details
            8.4.5) Cross Clock Domains Report


=========================================================================
*                      Synthesis Options Summary                        *
=========================================================================
---- Source Parameters
Input File Name                    : "shfit_right.prj"
Ignore Synthesis Constraint File   : NO

---- Target Parameters
Output File Name                   : "shfit_right"
Output Format                      : NGC
Target Device                      : xc6slx16-3-csg324

---- Source Options
Top Module Name                    : shfit_right
Automatic FSM Extraction           : YES
FSM Encoding Algorithm             : Auto
Safe Implementation                : No
FSM Style                          : LUT
RAM Extraction                     : Yes
RAM Style                          : Auto
ROM Extraction                     : Yes
Shift Register Extraction          : YES
ROM Style                          : Auto
Resource Sharing                   : YES
Asynchronous To Synchronous        : NO
Shift Register Minimum Size        : 2
Use DSP Block                      : Auto
Automatic Register Balancing       : No

---- Target Options
LUT Combining                      : Auto
Reduce Control Sets                : Auto
Add IO Buffers                     : YES
Global Maximum Fanout              : 100000
Add Generic Clock Buffer(BUFG)     : 16
Register Duplication               : YES
Optimize Instantiated Primitives   : NO
Use Clock Enable                   : Auto
Use Synchronous Set                : Auto
Use Synchronous Reset              : Auto
Pack IO Registers into IOBs        : Auto
Equivalent register Removal        : YES

---- General Options
Optimization Goal                  : Speed
Optimization Effort                : 1
Power Reduction                    : NO
Keep Hierarchy                     : No
Netlist Hierarchy                  : As_Optimized
RTL Output                         : Yes
Global Optimization                : AllClockNets
Read Cores                         : YES
Write Timing Constraints           : NO
Cross Clock Analysis               : NO
Hierarchy Separator                : /
Bus Delimiter                      : <>
Case Specifier                     : Maintain
Slice Utilization Ratio            : 100
BRAM Utilization Ratio             : 100
DSP48 Utilization Ratio            : 100
Auto BRAM Packing                  : NO
Slice Utilization Ratio Delta      : 5

=========================================================================


=========================================================================
*                          HDL Parsing                                  *
=========================================================================
Parsing VHDL file "C:\Users\ayroz\Desktop\four\shift_right\shift_right\shfit_right.vhd" into library work
Parsing entity <shfit_right>.
Parsing architecture <Behavioral> of entity <shfit_right>.

=========================================================================
*                            HDL Elaboration                            *
=========================================================================

Elaborating entity <shfit_right> (architecture <Behavioral>) from library <work>.

=========================================================================
*                           HDL Synthesis                               *
=========================================================================

Synthesizing Unit <shfit_right>.
    Related source file is "C:\Users\ayroz\Desktop\four\shift_right\shift_right\shfit_right.vhd".
    Found 52-bit shifter logical right for signal <int2> created at line 16
    Summary:
	inferred   1 Multiplexer(s).
	inferred   1 Combinational logic shifter(s).
Unit <shfit_right> synthesized.

=========================================================================
HDL Synthesis Report

Macro Statistics
# Multiplexers                                         : 1
 52-bit 2-to-1 multiplexer                             : 1
# Logic shifters                                       : 1
 52-bit shifter logical right                          : 1

=========================================================================

=========================================================================
*                       Advanced HDL Synthesis                          *
=========================================================================


=========================================================================
Advanced HDL Synthesis Report

Macro Statistics
# Multiplexers                                         : 1
 52-bit 2-to-1 multiplexer                             : 1
# Logic shifters                                       : 1
 52-bit shifter logical right                          : 1

=========================================================================

=========================================================================
*                         Low Level Synthesis                           *
=========================================================================

Optimizing unit <shfit_right> ...

Mapping all equations...
Building and optimizing final netlist ...
Found area constraint ratio of 100 (+ 5) on block shfit_right, actual ratio is 1.

Final Macro Processing ...

=========================================================================
Final Register Report

Found no macro
=========================================================================

=========================================================================
*                           Partition Report                            *
=========================================================================

Partition Implementation Status
-------------------------------

  No Partitions were found in this design.

-------------------------------

=========================================================================
*                            Design Summary                             *
=========================================================================

Top Level Output File Name         : shfit_right.ngc

Primitive and Black Box Usage:
------------------------------
# BELS                             : 104
#      LUT2                        : 2
#      LUT3                        : 5
#      LUT4                        : 8
#      LUT5                        : 18
#      LUT6                        : 69
#      MUXF7                       : 2
# IO Buffers                       : 61
#      IBUF                        : 34
#      OBUF                        : 27

Device utilization summary:
---------------------------

Selected Device : 6slx16csg324-3 


Slice Logic Utilization: 
 Number of Slice LUTs:                  102  out of   9112     1%  
    Number used as Logic:               102  out of   9112     1%  

Slice Logic Distribution: 
 Number of LUT Flip Flop pairs used:    102
   Number with an unused Flip Flop:     102  out of    102   100%  
   Number with an unused LUT:             0  out of    102     0%  
   Number of fully used LUT-FF pairs:     0  out of    102     0%  
   Number of unique control sets:         0

IO Utilization: 
 Number of IOs:                          61
 Number of bonded IOBs:                  61  out of    232    26%  

Specific Feature Utilization:

---------------------------
Partition Resource Summary:
---------------------------

  No Partitions were found in this design.

---------------------------


=========================================================================
Timing Report

NOTE: THESE TIMING NUMBERS ARE ONLY A SYNTHESIS ESTIMATE.
      FOR ACCURATE TIMING INFORMATION PLEASE REFER TO THE TRACE REPORT
      GENERATED AFTER PLACE-and-ROUTE.

Clock Information:
------------------
No clock signals found in this design

Asynchronous Control Signals Information:
----------------------------------------
No asynchronous control signals found in this design

Timing Summary:
---------------
Speed Grade: -3

   Minimum period: No path found
   Minimum input arrival time before clock: No path found
   Maximum output required time after clock: No path found
   Maximum combinational path delay: 11.846ns

Timing Details:
---------------
All values displayed in nanoseconds (ns)

=========================================================================
Timing constraint: Default path analysis
  Total number of paths / destination ports: 1494 / 27
-------------------------------------------------------------------------
Delay:               11.846ns (Levels of Logic = 10)
  Source:            diff<1> (PAD)
  Destination:       shifted<0> (PAD)

  Data Path: diff<1> to shifted<0>
                                Gate     Net
    Cell:in->out      fanout   Delay   Delay  Logical Name (Net Name)
    ----------------------------------------  ------------
     IBUF:I->O            35   1.222   1.679  diff_1_IBUF (diff_1_IBUF)
     LUT5:I0->O            3   0.203   0.995  Sh251 (Sh25)
     LUT6:I1->O            1   0.203   0.580  s<0>14 (s<0>13)
     LUT5:I4->O            1   0.205   0.580  s<0>16_SW0_SW0 (N8)
     LUT6:I5->O            1   0.205   0.580  s<0>16_SW0 (N4)
     LUT6:I5->O            1   0.205   0.000  s<0>16_G (N13)
     MUXF7:I1->O           1   0.140   0.808  s<0>16 (s<0>15)
     LUT6:I3->O            1   0.205   0.684  s<0>19_SW0 (N6)
     LUT6:I4->O            1   0.203   0.579  s<0>19 (shifted_0_OBUF)
     OBUF:I->O                 2.571          shifted_0_OBUF (shifted<0>)
    ----------------------------------------
    Total                     11.846ns (5.362ns logic, 6.484ns route)
                                       (45.3% logic, 54.7% route)

=========================================================================

Cross Clock Domains Report:
--------------------------

=========================================================================


Total REAL time to Xst completion: 3.00 secs
Total CPU time to Xst completion: 2.91 secs
 
--> 

Total memory usage is 260496 kilobytes

Number of errors   :    0 (   0 filtered)
Number of warnings :    0 (   0 filtered)
Number of infos    :    0 (   0 filtered)

