Release 14.7 - xst P.20131013 (nt64)
Copyright (c) 1995-2013 Xilinx, Inc.  All rights reserved.
--> Parameter TMPDIR set to xst/projnav.tmp


Total REAL time to Xst completion: 0.00 secs
Total CPU time to Xst completion: 0.05 secs
 
--> Parameter xsthdpdir set to xst


Total REAL time to Xst completion: 0.00 secs
Total CPU time to Xst completion: 0.05 secs
 
--> Reading design: small_alu.prj

TABLE OF CONTENTS
  1) Synthesis Options Summary
  2) HDL Parsing
  3) HDL Elaboration
  4) HDL Synthesis
       4.1) HDL Synthesis Report
  5) Advanced HDL Synthesis
       5.1) Advanced HDL Synthesis Report
  6) Low Level Synthesis
  7) Partition Report
  8) Design Summary
       8.1) Primitive and Black Box Usage
       8.2) Device utilization summary
       8.3) Partition Resource Summary
       8.4) Timing Report
            8.4.1) Clock Information
            8.4.2) Asynchronous Control Signals Information
            8.4.3) Timing Summary
            8.4.4) Timing Details
            8.4.5) Cross Clock Domains Report


=========================================================================
*                      Synthesis Options Summary                        *
=========================================================================
---- Source Parameters
Input File Name                    : "small_alu.prj"
Ignore Synthesis Constraint File   : NO

---- Target Parameters
Output File Name                   : "small_alu"
Output Format                      : NGC
Target Device                      : xc6slx16-3-csg324

---- Source Options
Top Module Name                    : small_alu
Automatic FSM Extraction           : YES
FSM Encoding Algorithm             : Auto
Safe Implementation                : No
FSM Style                          : LUT
RAM Extraction                     : Yes
RAM Style                          : Auto
ROM Extraction                     : Yes
Shift Register Extraction          : YES
ROM Style                          : Auto
Resource Sharing                   : YES
Asynchronous To Synchronous        : NO
Shift Register Minimum Size        : 2
Use DSP Block                      : Auto
Automatic Register Balancing       : No

---- Target Options
LUT Combining                      : Auto
Reduce Control Sets                : Auto
Add IO Buffers                     : YES
Global Maximum Fanout              : 100000
Add Generic Clock Buffer(BUFG)     : 16
Register Duplication               : YES
Optimize Instantiated Primitives   : NO
Use Clock Enable                   : Auto
Use Synchronous Set                : Auto
Use Synchronous Reset              : Auto
Pack IO Registers into IOBs        : Auto
Equivalent register Removal        : YES

---- General Options
Optimization Goal                  : Speed
Optimization Effort                : 1
Power Reduction                    : NO
Keep Hierarchy                     : No
Netlist Hierarchy                  : As_Optimized
RTL Output                         : Yes
Global Optimization                : AllClockNets
Read Cores                         : YES
Write Timing Constraints           : NO
Cross Clock Analysis               : NO
Hierarchy Separator                : /
Bus Delimiter                      : <>
Case Specifier                     : Maintain
Slice Utilization Ratio            : 100
BRAM Utilization Ratio             : 100
DSP48 Utilization Ratio            : 100
Auto BRAM Packing                  : NO
Slice Utilization Ratio Delta      : 5

=========================================================================


=========================================================================
*                          HDL Parsing                                  *
=========================================================================
Parsing VHDL file "C:\Users\ayroz\Desktop\four\small_alu\small_alu\small_alu.vhd" into library work
Parsing entity <small_alu>.
Parsing architecture <Behavioral> of entity <small_alu>.

=========================================================================
*                            HDL Elaboration                            *
=========================================================================

Elaborating entity <small_alu> (architecture <Behavioral>) from library <work>.
WARNING:HDLCompiler:871 - "C:\Users\ayroz\Desktop\four\small_alu\small_alu\small_alu.vhd" Line 17: Using initial value ('0','.','.','.','.','.','.','.','.') for temp_exp1 since it is never assigned
WARNING:HDLCompiler:871 - "C:\Users\ayroz\Desktop\four\small_alu\small_alu\small_alu.vhd" Line 18: Using initial value ('0','.','.','.','.','.','.','.','.') for temp_exp2 since it is never assigned

=========================================================================
*                           HDL Synthesis                               *
=========================================================================

Synthesizing Unit <small_alu>.
    Related source file is "C:\Users\ayroz\Desktop\four\small_alu\small_alu\small_alu.vhd".
    Found 9-bit adder for signal <temp_exp1_cmp> created at line 31.
    Found 9-bit adder for signal <temp_exp2_cmp> created at line 32.
    Found 9-bit adder for signal <temp_exp12_cmp> created at line 34.
    Found 9-bit adder for signal <temp_exp21_cmp> created at line 36.
    Found 9-bit adder for signal <temp_exp21_cmp[8]_GND_6_o_add_8_OUT> created at line 40.
    Found 9-bit adder for signal <temp_exp12_cmp[8]_GND_6_o_add_10_OUT> created at line 40.
    Found 8-bit comparator greater for signal <exp2[7]_exp1[7]_LessThan_7_o> created at line 38
    Summary:
	inferred   5 Adder/Subtractor(s).
	inferred   1 Comparator(s).
	inferred   1 Multiplexer(s).
Unit <small_alu> synthesized.

=========================================================================
HDL Synthesis Report

Macro Statistics
# Adders/Subtractors                                   : 5
 9-bit adder                                           : 5
# Comparators                                          : 1
 8-bit comparator greater                              : 1
# Multiplexers                                         : 1
 9-bit 2-to-1 multiplexer                              : 1

=========================================================================
INFO:Xst:1767 - HDL ADVISOR - Resource sharing has identified that some arithmetic operations in this design can share the same physical resources for reduced device utilization. For improved clock frequency you may try to disable resource sharing.

=========================================================================
*                       Advanced HDL Synthesis                          *
=========================================================================


=========================================================================
Advanced HDL Synthesis Report

Macro Statistics
# Adders/Subtractors                                   : 3
 8-bit adder                                           : 1
 9-bit adder carry in                                  : 2
# Comparators                                          : 1
 8-bit comparator greater                              : 1
# Multiplexers                                         : 1
 9-bit 2-to-1 multiplexer                              : 1

=========================================================================

=========================================================================
*                         Low Level Synthesis                           *
=========================================================================

Optimizing unit <small_alu> ...

Mapping all equations...
Building and optimizing final netlist ...
Found area constraint ratio of 100 (+ 5) on block small_alu, actual ratio is 0.

Final Macro Processing ...

=========================================================================
Final Register Report

Found no macro
=========================================================================

=========================================================================
*                           Partition Report                            *
=========================================================================

Partition Implementation Status
-------------------------------

  No Partitions were found in this design.

-------------------------------

=========================================================================
*                            Design Summary                             *
=========================================================================

Top Level Output File Name         : small_alu.ngc

Primitive and Black Box Usage:
------------------------------
# BELS                             : 66
#      LUT2                        : 16
#      LUT3                        : 4
#      LUT4                        : 2
#      LUT5                        : 3
#      LUT6                        : 9
#      MUXCY                       : 14
#      MUXF7                       : 1
#      VCC                         : 1
#      XORCY                       : 16
# IO Buffers                       : 25
#      IBUF                        : 16
#      OBUF                        : 9

Device utilization summary:
---------------------------

Selected Device : 6slx16csg324-3 


Slice Logic Utilization: 
 Number of Slice LUTs:                   34  out of   9112     0%  
    Number used as Logic:                34  out of   9112     0%  

Slice Logic Distribution: 
 Number of LUT Flip Flop pairs used:     34
   Number with an unused Flip Flop:      34  out of     34   100%  
   Number with an unused LUT:             0  out of     34     0%  
   Number of fully used LUT-FF pairs:     0  out of     34     0%  
   Number of unique control sets:         0

IO Utilization: 
 Number of IOs:                          25
 Number of bonded IOBs:                  25  out of    232    10%  

Specific Feature Utilization:

---------------------------
Partition Resource Summary:
---------------------------

  No Partitions were found in this design.

---------------------------


=========================================================================
Timing Report

NOTE: THESE TIMING NUMBERS ARE ONLY A SYNTHESIS ESTIMATE.
      FOR ACCURATE TIMING INFORMATION PLEASE REFER TO THE TRACE REPORT
      GENERATED AFTER PLACE-and-ROUTE.

Clock Information:
------------------
No clock signals found in this design

Asynchronous Control Signals Information:
----------------------------------------
No asynchronous control signals found in this design

Timing Summary:
---------------
Speed Grade: -3

   Minimum period: No path found
   Minimum input arrival time before clock: No path found
   Maximum output required time after clock: No path found
   Maximum combinational path delay: 12.700ns

Timing Details:
---------------
All values displayed in nanoseconds (ns)

=========================================================================
Timing constraint: Default path analysis
  Total number of paths / destination ports: 1485 / 9
-------------------------------------------------------------------------
Delay:               12.700ns (Levels of Logic = 10)
  Source:            exp1<2> (PAD)
  Destination:       difference<6> (PAD)

  Data Path: exp1<2> to difference<6>
                                Gate     Net
    Cell:in->out      fanout   Delay   Delay  Logical Name (Net Name)
    ----------------------------------------  ------------
     IBUF:I->O             3   1.222   1.015  exp1_2_IBUF (exp1_2_IBUF)
     LUT6:I0->O            2   0.203   0.981  exp2[7]_exp1[7]_LessThan_7_o2 (exp2[7]_exp1[7]_LessThan_7_o1)
     LUT6:I0->O            1   0.203   0.000  exp2[7]_exp1[7]_LessThan_7_o1_F (N8)
     MUXF7:I0->O           2   0.131   0.721  exp2[7]_exp1[7]_LessThan_7_o1 (exp2[7]_exp1[7]_LessThan_7_o2)
     LUT5:I3->O           13   0.203   1.161  exp2[7]_exp1[7]_LessThan_7_o21 (exp2[7]_exp1[7]_LessThan_7_o)
     LUT3:I0->O            3   0.205   1.015  Mmux_temp_difference_A11 (Mmux_temp_difference_rs_Madd_cy<0>)
     LUT6:I0->O            3   0.203   1.015  Mmux_temp_difference_rs_Madd_cy<3>11 (Mmux_temp_difference_rs_Madd_cy<3>)
     LUT6:I0->O            2   0.203   0.864  Mmux_temp_difference_rs_Madd_cy<5>11 (Mmux_temp_difference_rs_Madd_cy<5>)
     LUT4:I0->O            1   0.203   0.579  Mmux_temp_difference_rs_Madd_xor<6>11 (difference_6_OBUF)
     OBUF:I->O                 2.571          difference_6_OBUF (difference<6>)
    ----------------------------------------
    Total                     12.700ns (5.347ns logic, 7.353ns route)
                                       (42.1% logic, 57.9% route)

=========================================================================

Cross Clock Domains Report:
--------------------------

=========================================================================


Total REAL time to Xst completion: 2.00 secs
Total CPU time to Xst completion: 1.98 secs
 
--> 

Total memory usage is 260560 kilobytes

Number of errors   :    0 (   0 filtered)
Number of warnings :    2 (   0 filtered)
Number of infos    :    1 (   0 filtered)

