Release 14.7 - xst P.20131013 (nt64)
Copyright (c) 1995-2013 Xilinx, Inc.  All rights reserved.
--> Parameter TMPDIR set to xst/projnav.tmp


Total REAL time to Xst completion: 1.00 secs
Total CPU time to Xst completion: 0.05 secs
 
--> Parameter xsthdpdir set to xst


Total REAL time to Xst completion: 1.00 secs
Total CPU time to Xst completion: 0.05 secs
 
--> Reading design: rounding.prj

TABLE OF CONTENTS
  1) Synthesis Options Summary
  2) HDL Parsing
  3) HDL Elaboration
  4) HDL Synthesis
       4.1) HDL Synthesis Report
  5) Advanced HDL Synthesis
       5.1) Advanced HDL Synthesis Report
  6) Low Level Synthesis
  7) Partition Report
  8) Design Summary
       8.1) Primitive and Black Box Usage
       8.2) Device utilization summary
       8.3) Partition Resource Summary
       8.4) Timing Report
            8.4.1) Clock Information
            8.4.2) Asynchronous Control Signals Information
            8.4.3) Timing Summary
            8.4.4) Timing Details
            8.4.5) Cross Clock Domains Report


=========================================================================
*                      Synthesis Options Summary                        *
=========================================================================
---- Source Parameters
Input File Name                    : "rounding.prj"
Ignore Synthesis Constraint File   : NO

---- Target Parameters
Output File Name                   : "rounding"
Output Format                      : NGC
Target Device                      : xc6slx16-3-csg324

---- Source Options
Top Module Name                    : rounding
Automatic FSM Extraction           : YES
FSM Encoding Algorithm             : Auto
Safe Implementation                : No
FSM Style                          : LUT
RAM Extraction                     : Yes
RAM Style                          : Auto
ROM Extraction                     : Yes
Shift Register Extraction          : YES
ROM Style                          : Auto
Resource Sharing                   : YES
Asynchronous To Synchronous        : NO
Shift Register Minimum Size        : 2
Use DSP Block                      : Auto
Automatic Register Balancing       : No

---- Target Options
LUT Combining                      : Auto
Reduce Control Sets                : Auto
Add IO Buffers                     : YES
Global Maximum Fanout              : 100000
Add Generic Clock Buffer(BUFG)     : 16
Register Duplication               : YES
Optimize Instantiated Primitives   : NO
Use Clock Enable                   : Auto
Use Synchronous Set                : Auto
Use Synchronous Reset              : Auto
Pack IO Registers into IOBs        : Auto
Equivalent register Removal        : YES

---- General Options
Optimization Goal                  : Speed
Optimization Effort                : 1
Power Reduction                    : NO
Keep Hierarchy                     : No
Netlist Hierarchy                  : As_Optimized
RTL Output                         : Yes
Global Optimization                : AllClockNets
Read Cores                         : YES
Write Timing Constraints           : NO
Cross Clock Analysis               : NO
Hierarchy Separator                : /
Bus Delimiter                      : <>
Case Specifier                     : Maintain
Slice Utilization Ratio            : 100
BRAM Utilization Ratio             : 100
DSP48 Utilization Ratio            : 100
Auto BRAM Packing                  : NO
Slice Utilization Ratio Delta      : 5

=========================================================================


=========================================================================
*                          HDL Parsing                                  *
=========================================================================
Parsing VHDL file "C:\Users\ayroz\Desktop\four\round\rounding\rounding.vhd" into library work
Parsing entity <rounding>.
Parsing architecture <Behavioral> of entity <rounding>.

=========================================================================
*                            HDL Elaboration                            *
=========================================================================

Elaborating entity <rounding> (architecture <Behavioral>) from library <work>.

=========================================================================
*                           HDL Synthesis                               *
=========================================================================

Synthesizing Unit <rounding>.
    Related source file is "C:\Users\ayroz\Desktop\four\round\rounding\rounding.vhd".
    Found 28-bit adder for signal <rounded_up> created at line 1241.
WARNING:Xst:737 - Found 1-bit latch for signal <frac_out_temp<26>>. Latches may be generated from incomplete case or if statements. We do not recommend the use of latches in FPGA/CPLD designs, as they may lead to timing problems.
WARNING:Xst:737 - Found 1-bit latch for signal <frac_out_temp<25>>. Latches may be generated from incomplete case or if statements. We do not recommend the use of latches in FPGA/CPLD designs, as they may lead to timing problems.
WARNING:Xst:737 - Found 1-bit latch for signal <frac_out_temp<24>>. Latches may be generated from incomplete case or if statements. We do not recommend the use of latches in FPGA/CPLD designs, as they may lead to timing problems.
WARNING:Xst:737 - Found 1-bit latch for signal <frac_out_temp<23>>. Latches may be generated from incomplete case or if statements. We do not recommend the use of latches in FPGA/CPLD designs, as they may lead to timing problems.
WARNING:Xst:737 - Found 1-bit latch for signal <frac_out_temp<22>>. Latches may be generated from incomplete case or if statements. We do not recommend the use of latches in FPGA/CPLD designs, as they may lead to timing problems.
WARNING:Xst:737 - Found 1-bit latch for signal <frac_out_temp<21>>. Latches may be generated from incomplete case or if statements. We do not recommend the use of latches in FPGA/CPLD designs, as they may lead to timing problems.
WARNING:Xst:737 - Found 1-bit latch for signal <frac_out_temp<20>>. Latches may be generated from incomplete case or if statements. We do not recommend the use of latches in FPGA/CPLD designs, as they may lead to timing problems.
WARNING:Xst:737 - Found 1-bit latch for signal <frac_out_temp<19>>. Latches may be generated from incomplete case or if statements. We do not recommend the use of latches in FPGA/CPLD designs, as they may lead to timing problems.
WARNING:Xst:737 - Found 1-bit latch for signal <frac_out_temp<18>>. Latches may be generated from incomplete case or if statements. We do not recommend the use of latches in FPGA/CPLD designs, as they may lead to timing problems.
WARNING:Xst:737 - Found 1-bit latch for signal <frac_out_temp<17>>. Latches may be generated from incomplete case or if statements. We do not recommend the use of latches in FPGA/CPLD designs, as they may lead to timing problems.
WARNING:Xst:737 - Found 1-bit latch for signal <frac_out_temp<16>>. Latches may be generated from incomplete case or if statements. We do not recommend the use of latches in FPGA/CPLD designs, as they may lead to timing problems.
WARNING:Xst:737 - Found 1-bit latch for signal <frac_out_temp<15>>. Latches may be generated from incomplete case or if statements. We do not recommend the use of latches in FPGA/CPLD designs, as they may lead to timing problems.
WARNING:Xst:737 - Found 1-bit latch for signal <frac_out_temp<14>>. Latches may be generated from incomplete case or if statements. We do not recommend the use of latches in FPGA/CPLD designs, as they may lead to timing problems.
WARNING:Xst:737 - Found 1-bit latch for signal <frac_out_temp<13>>. Latches may be generated from incomplete case or if statements. We do not recommend the use of latches in FPGA/CPLD designs, as they may lead to timing problems.
WARNING:Xst:737 - Found 1-bit latch for signal <frac_out_temp<12>>. Latches may be generated from incomplete case or if statements. We do not recommend the use of latches in FPGA/CPLD designs, as they may lead to timing problems.
WARNING:Xst:737 - Found 1-bit latch for signal <frac_out_temp<11>>. Latches may be generated from incomplete case or if statements. We do not recommend the use of latches in FPGA/CPLD designs, as they may lead to timing problems.
WARNING:Xst:737 - Found 1-bit latch for signal <frac_out_temp<10>>. Latches may be generated from incomplete case or if statements. We do not recommend the use of latches in FPGA/CPLD designs, as they may lead to timing problems.
WARNING:Xst:737 - Found 1-bit latch for signal <frac_out_temp<9>>. Latches may be generated from incomplete case or if statements. We do not recommend the use of latches in FPGA/CPLD designs, as they may lead to timing problems.
WARNING:Xst:737 - Found 1-bit latch for signal <frac_out_temp<8>>. Latches may be generated from incomplete case or if statements. We do not recommend the use of latches in FPGA/CPLD designs, as they may lead to timing problems.
WARNING:Xst:737 - Found 1-bit latch for signal <frac_out_temp<7>>. Latches may be generated from incomplete case or if statements. We do not recommend the use of latches in FPGA/CPLD designs, as they may lead to timing problems.
WARNING:Xst:737 - Found 1-bit latch for signal <frac_out_temp<6>>. Latches may be generated from incomplete case or if statements. We do not recommend the use of latches in FPGA/CPLD designs, as they may lead to timing problems.
WARNING:Xst:737 - Found 1-bit latch for signal <frac_out_temp<5>>. Latches may be generated from incomplete case or if statements. We do not recommend the use of latches in FPGA/CPLD designs, as they may lead to timing problems.
WARNING:Xst:737 - Found 1-bit latch for signal <frac_out_temp<4>>. Latches may be generated from incomplete case or if statements. We do not recommend the use of latches in FPGA/CPLD designs, as they may lead to timing problems.
WARNING:Xst:737 - Found 1-bit latch for signal <frac_out_temp<3>>. Latches may be generated from incomplete case or if statements. We do not recommend the use of latches in FPGA/CPLD designs, as they may lead to timing problems.
WARNING:Xst:737 - Found 1-bit latch for signal <frac_out_temp<27>>. Latches may be generated from incomplete case or if statements. We do not recommend the use of latches in FPGA/CPLD designs, as they may lead to timing problems.
    Found 3-bit comparator greater for signal <PWR_6_o_fgrs[2]_LessThan_3_o> created at line 25
    Found 3-bit comparator greater for signal <fgrs[2]_PWR_6_o_LessThan_4_o> created at line 26
    Summary:
	inferred   1 Adder/Subtractor(s).
	inferred  25 Latch(s).
	inferred   2 Comparator(s).
	inferred  75 Multiplexer(s).
Unit <rounding> synthesized.

=========================================================================
HDL Synthesis Report

Macro Statistics
# Adders/Subtractors                                   : 1
 28-bit adder                                          : 1
# Latches                                              : 25
 1-bit latch                                           : 25
# Comparators                                          : 2
 3-bit comparator greater                              : 2
# Multiplexers                                         : 75
 1-bit 2-to-1 multiplexer                              : 75

=========================================================================

=========================================================================
*                       Advanced HDL Synthesis                          *
=========================================================================


=========================================================================
Advanced HDL Synthesis Report

Macro Statistics
# Adders/Subtractors                                   : 1
 28-bit adder                                          : 1
# Comparators                                          : 2
 3-bit comparator greater                              : 2
# Multiplexers                                         : 75
 1-bit 2-to-1 multiplexer                              : 75

=========================================================================

=========================================================================
*                         Low Level Synthesis                           *
=========================================================================

Optimizing unit <rounding> ...
WARNING:Xst:1294 - Latch <frac_out_temp_27> is equivalent to a wire in block <rounding>.
WARNING:Xst:1294 - Latch <frac_out_temp_26> is equivalent to a wire in block <rounding>.
WARNING:Xst:1294 - Latch <frac_out_temp_25> is equivalent to a wire in block <rounding>.
WARNING:Xst:1294 - Latch <frac_out_temp_24> is equivalent to a wire in block <rounding>.
WARNING:Xst:1294 - Latch <frac_out_temp_21> is equivalent to a wire in block <rounding>.
WARNING:Xst:1294 - Latch <frac_out_temp_23> is equivalent to a wire in block <rounding>.
WARNING:Xst:1294 - Latch <frac_out_temp_22> is equivalent to a wire in block <rounding>.
WARNING:Xst:1294 - Latch <frac_out_temp_18> is equivalent to a wire in block <rounding>.
WARNING:Xst:1294 - Latch <frac_out_temp_20> is equivalent to a wire in block <rounding>.
WARNING:Xst:1294 - Latch <frac_out_temp_19> is equivalent to a wire in block <rounding>.
WARNING:Xst:1294 - Latch <frac_out_temp_15> is equivalent to a wire in block <rounding>.
WARNING:Xst:1294 - Latch <frac_out_temp_17> is equivalent to a wire in block <rounding>.
WARNING:Xst:1294 - Latch <frac_out_temp_16> is equivalent to a wire in block <rounding>.
WARNING:Xst:1294 - Latch <frac_out_temp_12> is equivalent to a wire in block <rounding>.
WARNING:Xst:1294 - Latch <frac_out_temp_14> is equivalent to a wire in block <rounding>.
WARNING:Xst:1294 - Latch <frac_out_temp_13> is equivalent to a wire in block <rounding>.
WARNING:Xst:1294 - Latch <frac_out_temp_9> is equivalent to a wire in block <rounding>.
WARNING:Xst:1294 - Latch <frac_out_temp_11> is equivalent to a wire in block <rounding>.
WARNING:Xst:1294 - Latch <frac_out_temp_10> is equivalent to a wire in block <rounding>.
WARNING:Xst:1294 - Latch <frac_out_temp_6> is equivalent to a wire in block <rounding>.
WARNING:Xst:1294 - Latch <frac_out_temp_8> is equivalent to a wire in block <rounding>.
WARNING:Xst:1294 - Latch <frac_out_temp_7> is equivalent to a wire in block <rounding>.
WARNING:Xst:1294 - Latch <frac_out_temp_3> is equivalent to a wire in block <rounding>.
WARNING:Xst:1294 - Latch <frac_out_temp_5> is equivalent to a wire in block <rounding>.
WARNING:Xst:1294 - Latch <frac_out_temp_4> is equivalent to a wire in block <rounding>.

Mapping all equations...
Building and optimizing final netlist ...
Found area constraint ratio of 100 (+ 5) on block rounding, actual ratio is 0.

Final Macro Processing ...

=========================================================================
Final Register Report

Found no macro
=========================================================================

=========================================================================
*                           Partition Report                            *
=========================================================================

Partition Implementation Status
-------------------------------

  No Partitions were found in this design.

-------------------------------

=========================================================================
*                            Design Summary                             *
=========================================================================

Top Level Output File Name         : rounding.ngc

Primitive and Black Box Usage:
------------------------------
# BELS                             : 107
#      GND                         : 1
#      INV                         : 1
#      LUT1                        : 27
#      LUT5                        : 1
#      LUT6                        : 24
#      MUXCY                       : 27
#      VCC                         : 1
#      XORCY                       : 25
# IO Buffers                       : 53
#      IBUF                        : 28
#      OBUF                        : 25

Device utilization summary:
---------------------------

Selected Device : 6slx16csg324-3 


Slice Logic Utilization: 
 Number of Slice LUTs:                   53  out of   9112     0%  
    Number used as Logic:                53  out of   9112     0%  

Slice Logic Distribution: 
 Number of LUT Flip Flop pairs used:     53
   Number with an unused Flip Flop:      53  out of     53   100%  
   Number with an unused LUT:             0  out of     53     0%  
   Number of fully used LUT-FF pairs:     0  out of     53     0%  
   Number of unique control sets:         0

IO Utilization: 
 Number of IOs:                          53
 Number of bonded IOBs:                  53  out of    232    22%  

Specific Feature Utilization:

---------------------------
Partition Resource Summary:
---------------------------

  No Partitions were found in this design.

---------------------------


=========================================================================
Timing Report

NOTE: THESE TIMING NUMBERS ARE ONLY A SYNTHESIS ESTIMATE.
      FOR ACCURATE TIMING INFORMATION PLEASE REFER TO THE TRACE REPORT
      GENERATED AFTER PLACE-and-ROUTE.

Clock Information:
------------------
No clock signals found in this design

Asynchronous Control Signals Information:
----------------------------------------
No asynchronous control signals found in this design

Timing Summary:
---------------
Speed Grade: -3

   Minimum period: No path found
   Minimum input arrival time before clock: No path found
   Maximum output required time after clock: No path found
   Maximum combinational path delay: 7.757ns

Timing Details:
---------------
All values displayed in nanoseconds (ns)

=========================================================================
Timing constraint: Default path analysis
  Total number of paths / destination ports: 524 / 25
-------------------------------------------------------------------------
Delay:               7.757ns (Levels of Logic = 32)
  Source:            frac_in<0> (PAD)
  Destination:       frac_out<24> (PAD)

  Data Path: frac_in<0> to frac_out<24>
                                Gate     Net
    Cell:in->out      fanout   Delay   Delay  Logical Name (Net Name)
    ----------------------------------------  ------------
     IBUF:I->O            26   1.222   1.206  frac_in_0_IBUF (frac_in_0_IBUF)
     INV:I->O              1   0.206   0.000  Madd_rounded_up_lut<0>_INV_0 (Madd_rounded_up_lut<0>)
     MUXCY:S->O            1   0.172   0.000  Madd_rounded_up_cy<0> (Madd_rounded_up_cy<0>)
     MUXCY:CI->O           1   0.019   0.000  Madd_rounded_up_cy<1> (Madd_rounded_up_cy<1>)
     MUXCY:CI->O           1   0.019   0.000  Madd_rounded_up_cy<2> (Madd_rounded_up_cy<2>)
     MUXCY:CI->O           1   0.019   0.000  Madd_rounded_up_cy<3> (Madd_rounded_up_cy<3>)
     MUXCY:CI->O           1   0.019   0.000  Madd_rounded_up_cy<4> (Madd_rounded_up_cy<4>)
     MUXCY:CI->O           1   0.019   0.000  Madd_rounded_up_cy<5> (Madd_rounded_up_cy<5>)
     MUXCY:CI->O           1   0.019   0.000  Madd_rounded_up_cy<6> (Madd_rounded_up_cy<6>)
     MUXCY:CI->O           1   0.019   0.000  Madd_rounded_up_cy<7> (Madd_rounded_up_cy<7>)
     MUXCY:CI->O           1   0.019   0.000  Madd_rounded_up_cy<8> (Madd_rounded_up_cy<8>)
     MUXCY:CI->O           1   0.019   0.000  Madd_rounded_up_cy<9> (Madd_rounded_up_cy<9>)
     MUXCY:CI->O           1   0.019   0.000  Madd_rounded_up_cy<10> (Madd_rounded_up_cy<10>)
     MUXCY:CI->O           1   0.019   0.000  Madd_rounded_up_cy<11> (Madd_rounded_up_cy<11>)
     MUXCY:CI->O           1   0.019   0.000  Madd_rounded_up_cy<12> (Madd_rounded_up_cy<12>)
     MUXCY:CI->O           1   0.019   0.000  Madd_rounded_up_cy<13> (Madd_rounded_up_cy<13>)
     MUXCY:CI->O           1   0.019   0.000  Madd_rounded_up_cy<14> (Madd_rounded_up_cy<14>)
     MUXCY:CI->O           1   0.019   0.000  Madd_rounded_up_cy<15> (Madd_rounded_up_cy<15>)
     MUXCY:CI->O           1   0.019   0.000  Madd_rounded_up_cy<16> (Madd_rounded_up_cy<16>)
     MUXCY:CI->O           1   0.019   0.000  Madd_rounded_up_cy<17> (Madd_rounded_up_cy<17>)
     MUXCY:CI->O           1   0.019   0.000  Madd_rounded_up_cy<18> (Madd_rounded_up_cy<18>)
     MUXCY:CI->O           1   0.019   0.000  Madd_rounded_up_cy<19> (Madd_rounded_up_cy<19>)
     MUXCY:CI->O           1   0.019   0.000  Madd_rounded_up_cy<20> (Madd_rounded_up_cy<20>)
     MUXCY:CI->O           1   0.019   0.000  Madd_rounded_up_cy<21> (Madd_rounded_up_cy<21>)
     MUXCY:CI->O           1   0.019   0.000  Madd_rounded_up_cy<22> (Madd_rounded_up_cy<22>)
     MUXCY:CI->O           1   0.019   0.000  Madd_rounded_up_cy<23> (Madd_rounded_up_cy<23>)
     MUXCY:CI->O           1   0.019   0.000  Madd_rounded_up_cy<24> (Madd_rounded_up_cy<24>)
     MUXCY:CI->O           1   0.019   0.000  Madd_rounded_up_cy<25> (Madd_rounded_up_cy<25>)
     MUXCY:CI->O           0   0.019   0.000  Madd_rounded_up_cy<26> (Madd_rounded_up_cy<26>)
     XORCY:CI->O           1   0.180   0.924  Madd_rounded_up_xor<27> (rounded_up<27>)
     LUT6:I1->O            1   0.203   0.579  Mmux_frac_out_temp[27]_rounded_up[27]_MUX_35_o11 (frac_out_24_OBUF)
     OBUF:I->O                 2.571          frac_out_24_OBUF (frac_out<24>)
    ----------------------------------------
    Total                      7.757ns (5.048ns logic, 2.709ns route)
                                       (65.1% logic, 34.9% route)

=========================================================================

Cross Clock Domains Report:
--------------------------

=========================================================================


Total REAL time to Xst completion: 3.00 secs
Total CPU time to Xst completion: 2.80 secs
 
--> 

Total memory usage is 261392 kilobytes

Number of errors   :    0 (   0 filtered)
Number of warnings :   50 (   0 filtered)
Number of infos    :    0 (   0 filtered)

