Running: F:\programs\14.7\ISE_DS\ISE\bin\nt64\unwrapped\fuse.exe -intstyle ise -incremental -lib secureip -o G:/onlinelessons/computer architecture/VHDL/project_FPA/four/four/c2s/c2s/test_isim_beh.exe -prj G:/onlinelessons/computer architecture/VHDL/project_FPA/four/four/c2s/c2s/test_beh.prj work.test 
ISim P.20131013 (signature 0x7708f090)
Number of CPUs detected in this system: 8
Turning on mult-threading, number of parallel sub-compilation jobs: 16 
Determining compilation order of HDL files
Parsing VHDL file "G:/onlinelessons/computer architecture/VHDL/project_FPA/four/four/c2s/c2s/c2s.vhd" into library work
Parsing VHDL file "G:/onlinelessons/computer architecture/VHDL/project_FPA/four/four/c2s/c2s/test.vhd" into library work
Starting static elaboration
Completed static elaboration
Compiling package standard
Compiling package std_logic_1164
Compiling package std_logic_arith
Compiling package std_logic_unsigned
Compiling architecture behavioral of entity c2s [c2s_default]
Compiling architecture behavior of entity test
Time Resolution for simulation is 1ps.
Waiting for 1 sub-compilation(s) to finish...
Compiled 7 VHDL Units
Built simulation executable G:/onlinelessons/computer architecture/VHDL/project_FPA/four/four/c2s/c2s/test_isim_beh.exe
Fuse Memory Usage: 35416 KB
Fuse CPU Usage: 452 ms
