Release 14.7 - xst P.20131013 (nt64)
Copyright (c) 1995-2013 Xilinx, Inc.  All rights reserved.
--> Parameter TMPDIR set to xst/projnav.tmp


Total REAL time to Xst completion: 0.00 secs
Total CPU time to Xst completion: 0.05 secs
 
--> Parameter xsthdpdir set to xst


Total REAL time to Xst completion: 0.00 secs
Total CPU time to Xst completion: 0.05 secs
 
--> Reading design: Example_For_Loop.prj

TABLE OF CONTENTS
  1) Synthesis Options Summary
  2) HDL Parsing
  3) HDL Elaboration
  4) HDL Synthesis
       4.1) HDL Synthesis Report
  5) Advanced HDL Synthesis
       5.1) Advanced HDL Synthesis Report
  6) Low Level Synthesis
  7) Partition Report
  8) Design Summary
       8.1) Primitive and Black Box Usage
       8.2) Device utilization summary
       8.3) Partition Resource Summary
       8.4) Timing Report
            8.4.1) Clock Information
            8.4.2) Asynchronous Control Signals Information
            8.4.3) Timing Summary
            8.4.4) Timing Details
            8.4.5) Cross Clock Domains Report


=========================================================================
*                      Synthesis Options Summary                        *
=========================================================================
---- Source Parameters
Input File Name                    : "Example_For_Loop.prj"
Ignore Synthesis Constraint File   : NO

---- Target Parameters
Output File Name                   : "Example_For_Loop"
Output Format                      : NGC
Target Device                      : xc6slx16-3-csg324

---- Source Options
Top Module Name                    : Example_For_Loop
Automatic FSM Extraction           : YES
FSM Encoding Algorithm             : Auto
Safe Implementation                : No
FSM Style                          : LUT
RAM Extraction                     : Yes
RAM Style                          : Auto
ROM Extraction                     : Yes
Shift Register Extraction          : YES
ROM Style                          : Auto
Resource Sharing                   : YES
Asynchronous To Synchronous        : NO
Shift Register Minimum Size        : 2
Use DSP Block                      : Auto
Automatic Register Balancing       : No

---- Target Options
LUT Combining                      : Auto
Reduce Control Sets                : Auto
Add IO Buffers                     : YES
Global Maximum Fanout              : 100000
Add Generic Clock Buffer(BUFG)     : 16
Register Duplication               : YES
Optimize Instantiated Primitives   : NO
Use Clock Enable                   : Auto
Use Synchronous Set                : Auto
Use Synchronous Reset              : Auto
Pack IO Registers into IOBs        : Auto
Equivalent register Removal        : YES

---- General Options
Optimization Goal                  : Speed
Optimization Effort                : 1
Power Reduction                    : NO
Keep Hierarchy                     : No
Netlist Hierarchy                  : As_Optimized
RTL Output                         : Yes
Global Optimization                : AllClockNets
Read Cores                         : YES
Write Timing Constraints           : NO
Cross Clock Analysis               : NO
Hierarchy Separator                : /
Bus Delimiter                      : <>
Case Specifier                     : Maintain
Slice Utilization Ratio            : 100
BRAM Utilization Ratio             : 100
DSP48 Utilization Ratio            : 100
Auto BRAM Packing                  : NO
Slice Utilization Ratio Delta      : 5

=========================================================================


=========================================================================
*                          HDL Parsing                                  *
=========================================================================
Parsing VHDL file "C:\Users\ayroz\Desktop\four\shift_right\shift_right_ex\shift_right_ex.vhd" into library work
Parsing entity <shift_right_ex>.
ERROR:HDLCompiler:580 - "C:\Users\ayroz\Desktop\four\shift_right\shift_right_ex\shift_right_ex.vhd" Line 11: Mismatch on label ; expected shift_right_ex
ERROR:HDLCompiler:854 - "C:\Users\ayroz\Desktop\four\shift_right\shift_right_ex\shift_right_ex.vhd" Line 5: Unit <shift_right_ex> ignored due to previous errors.
Parsing architecture <behave> of entity <example_for_loop>.
ERROR:HDLCompiler:374 - "C:\Users\ayroz\Desktop\four\shift_right\shift_right_ex\shift_right_ex.vhd" Line 13: Entity <example_for_loop> is not yet compiled.
ERROR:HDLCompiler:69 - "C:\Users\ayroz\Desktop\four\shift_right\shift_right_ex\shift_right_ex.vhd" Line 15: <std_logic_vector> is not declared.
ERROR:HDLCompiler:69 - "C:\Users\ayroz\Desktop\four\shift_right\shift_right_ex\shift_right_ex.vhd" Line 16: <std_logic_vector> is not declared.
ERROR:HDLCompiler:24 - "C:\Users\ayroz\Desktop\four\shift_right\shift_right_ex\shift_right_ex.vhd" Line 24: "**" expects 2 arguments
ERROR:HDLCompiler:69 - "C:\Users\ayroz\Desktop\four\shift_right\shift_right_ex\shift_right_ex.vhd" Line 25: <r_shift_with_for> is not declared.
ERROR:HDLCompiler:69 - "C:\Users\ayroz\Desktop\four\shift_right\shift_right_ex\shift_right_ex.vhd" Line 23: <rising_edge> is not declared.
ERROR:HDLCompiler:69 - "C:\Users\ayroz\Desktop\four\shift_right\shift_right_ex\shift_right_ex.vhd" Line 21: <i_clock> is not declared.
ERROR:HDLCompiler:69 - "C:\Users\ayroz\Desktop\four\shift_right\shift_right_ex\shift_right_ex.vhd" Line 34: <r_shift_regular> is not declared.
ERROR:HDLCompiler:69 - "C:\Users\ayroz\Desktop\four\shift_right\shift_right_ex\shift_right_ex.vhd" Line 35: <r_shift_regular> is not declared.
ERROR:HDLCompiler:69 - "C:\Users\ayroz\Desktop\four\shift_right\shift_right_ex\shift_right_ex.vhd" Line 36: <r_shift_regular> is not declared.
ERROR:HDLCompiler:69 - "C:\Users\ayroz\Desktop\four\shift_right\shift_right_ex\shift_right_ex.vhd" Line 33: <rising_edge> is not declared.
ERROR:HDLCompiler:69 - "C:\Users\ayroz\Desktop\four\shift_right\shift_right_ex\shift_right_ex.vhd" Line 31: <i_clock> is not declared.
ERROR:HDLCompiler:69 - "C:\Users\ayroz\Desktop\four\shift_right\shift_right_ex\shift_right_ex.vhd" Line 40: <output1> is not declared.
ERROR:HDLCompiler:69 - "C:\Users\ayroz\Desktop\four\shift_right\shift_right_ex\shift_right_ex.vhd" Line 41: <output2> is not declared.
VHDL file C:\Users\ayroz\Desktop\four\shift_right\shift_right_ex\shift_right_ex.vhd ignored due to errors
--> 

Total memory usage is 208596 kilobytes

Number of errors   :   16 (   0 filtered)
Number of warnings :    0 (   0 filtered)
Number of infos    :    0 (   0 filtered)

