Release 14.7 - xst P.20131013 (nt64)
Copyright (c) 1995-2013 Xilinx, Inc.  All rights reserved.
--> Parameter TMPDIR set to xst/projnav.tmp


Total REAL time to Xst completion: 0.00 secs
Total CPU time to Xst completion: 0.03 secs
 
--> Parameter xsthdpdir set to xst


Total REAL time to Xst completion: 0.00 secs
Total CPU time to Xst completion: 0.03 secs
 
--> Reading design: shift_right_ex.prj

TABLE OF CONTENTS
  1) Synthesis Options Summary
  2) HDL Parsing
  3) HDL Elaboration
  4) HDL Synthesis
       4.1) HDL Synthesis Report
  5) Advanced HDL Synthesis
       5.1) Advanced HDL Synthesis Report
  6) Low Level Synthesis
  7) Partition Report
  8) Design Summary
       8.1) Primitive and Black Box Usage
       8.2) Device utilization summary
       8.3) Partition Resource Summary
       8.4) Timing Report
            8.4.1) Clock Information
            8.4.2) Asynchronous Control Signals Information
            8.4.3) Timing Summary
            8.4.4) Timing Details
            8.4.5) Cross Clock Domains Report


=========================================================================
*                      Synthesis Options Summary                        *
=========================================================================
---- Source Parameters
Input File Name                    : "shift_right_ex.prj"
Ignore Synthesis Constraint File   : NO

---- Target Parameters
Output File Name                   : "shift_right_ex"
Output Format                      : NGC
Target Device                      : xc6slx16-3-csg324

---- Source Options
Top Module Name                    : shift_right_ex
Automatic FSM Extraction           : YES
FSM Encoding Algorithm             : Auto
Safe Implementation                : No
FSM Style                          : LUT
RAM Extraction                     : Yes
RAM Style                          : Auto
ROM Extraction                     : Yes
Shift Register Extraction          : YES
ROM Style                          : Auto
Resource Sharing                   : YES
Asynchronous To Synchronous        : NO
Shift Register Minimum Size        : 2
Use DSP Block                      : Auto
Automatic Register Balancing       : No

---- Target Options
LUT Combining                      : Auto
Reduce Control Sets                : Auto
Add IO Buffers                     : YES
Global Maximum Fanout              : 100000
Add Generic Clock Buffer(BUFG)     : 16
Register Duplication               : YES
Optimize Instantiated Primitives   : NO
Use Clock Enable                   : Auto
Use Synchronous Set                : Auto
Use Synchronous Reset              : Auto
Pack IO Registers into IOBs        : Auto
Equivalent register Removal        : YES

---- General Options
Optimization Goal                  : Speed
Optimization Effort                : 1
Power Reduction                    : NO
Keep Hierarchy                     : No
Netlist Hierarchy                  : As_Optimized
RTL Output                         : Yes
Global Optimization                : AllClockNets
Read Cores                         : YES
Write Timing Constraints           : NO
Cross Clock Analysis               : NO
Hierarchy Separator                : /
Bus Delimiter                      : <>
Case Specifier                     : Maintain
Slice Utilization Ratio            : 100
BRAM Utilization Ratio             : 100
DSP48 Utilization Ratio            : 100
Auto BRAM Packing                  : NO
Slice Utilization Ratio Delta      : 5

=========================================================================


=========================================================================
*                          HDL Parsing                                  *
=========================================================================
Parsing VHDL file "C:\Users\ayroz\Desktop\four\shift_right\shift_right_ex\shift_right_ex.vhd" into library work
Parsing entity <shift_right_ex>.
Parsing architecture <behave> of entity <shift_right_ex>.

=========================================================================
*                            HDL Elaboration                            *
=========================================================================

Elaborating entity <shift_right_ex> (architecture <behave>) from library <work>.
WARNING:HDLCompiler:634 - "C:\Users\ayroz\Desktop\four\shift_right\shift_right_ex\shift_right_ex.vhd" Line 16: Net <r_Shift_With_For[7]> does not have a driver.
WARNING:HDLCompiler:634 - "C:\Users\ayroz\Desktop\four\shift_right\shift_right_ex\shift_right_ex.vhd" Line 17: Net <r_Shift_Regular[7]> does not have a driver.

=========================================================================
*                           HDL Synthesis                               *
=========================================================================

Synthesizing Unit <shift_right_ex>.
    Related source file is "C:\Users\ayroz\Desktop\four\shift_right\shift_right_ex\shift_right_ex.vhd".
WARNING:Xst:647 - Input <input> is never used. This port will be preserved and left unconnected if it belongs to a top-level block or it belongs to a sub-block and the hierarchy of this sub-block is preserved.
WARNING:Xst:653 - Signal <r_Shift_With_For<7:4>> is used but never assigned. This sourceless signal will be automatically connected to value GND.
WARNING:Xst:2935 - Signal 'r_Shift_With_For<0>', unconnected in block 'shift_right_ex', is tied to its initial value (0).
WARNING:Xst:653 - Signal <r_Shift_Regular<7:4>> is used but never assigned. This sourceless signal will be automatically connected to value GND.
WARNING:Xst:2935 - Signal 'r_Shift_Regular<0>', unconnected in block 'shift_right_ex', is tied to its initial value (0).
    Found 1-bit register for signal <r_Shift_Regular<3>>.
    Found 1-bit register for signal <r_Shift_Regular<2>>.
    Found 1-bit register for signal <r_Shift_Regular<1>>.
    WARNING:Xst:2404 -  FFs/Latches <r_Shift_With_For<1><0:0>> (without init value) have a constant value of 0 in block <shift_right_ex>.
    WARNING:Xst:2404 -  FFs/Latches <r_Shift_With_For<2><1:1>> (without init value) have a constant value of 0 in block <shift_right_ex>.
    WARNING:Xst:2404 -  FFs/Latches <r_Shift_With_For<3><2:2>> (without init value) have a constant value of 0 in block <shift_right_ex>.
    Summary:
	inferred   3 D-type flip-flop(s).
Unit <shift_right_ex> synthesized.

=========================================================================
HDL Synthesis Report

Macro Statistics
# Registers                                            : 3
 1-bit register                                        : 3

=========================================================================

=========================================================================
*                       Advanced HDL Synthesis                          *
=========================================================================

WARNING:Xst:1426 - The value init of the FF/Latch r_Shift_Regular_1 hinder the constant cleaning in the block shift_right_ex.
   You should achieve better results by setting this init to 0.

=========================================================================
Advanced HDL Synthesis Report

Macro Statistics
# Registers                                            : 3
 Flip-Flops                                            : 3

=========================================================================

=========================================================================
*                         Low Level Synthesis                           *
=========================================================================
WARNING:Xst:1426 - The value init of the FF/Latch r_Shift_Regular_1 hinder the constant cleaning in the block shift_right_ex.
   You should achieve better results by setting this init to 0.

Optimizing unit <shift_right_ex> ...

Mapping all equations...
Building and optimizing final netlist ...
Found area constraint ratio of 100 (+ 5) on block shift_right_ex, actual ratio is 0.
FlipFlop r_Shift_Regular_1 has been replicated 1 time(s) to handle iob=true attribute.

Final Macro Processing ...

Processing Unit <shift_right_ex> :
	Found 2-bit shift register for signal <r_Shift_Regular_2>.
Unit <shift_right_ex> processed.

=========================================================================
Final Register Report

Macro Statistics
# Registers                                            : 2
 Flip-Flops                                            : 2
# Shift Registers                                      : 1
 2-bit shift register                                  : 1

=========================================================================

=========================================================================
*                           Partition Report                            *
=========================================================================

Partition Implementation Status
-------------------------------

  No Partitions were found in this design.

-------------------------------

=========================================================================
*                            Design Summary                             *
=========================================================================

Top Level Output File Name         : shift_right_ex.ngc

Primitive and Black Box Usage:
------------------------------
# BELS                             : 2
#      GND                         : 1
#      VCC                         : 1
# FlipFlops/Latches                : 3
#      FD                          : 2
#      FDE                         : 1
# Shift Registers                  : 1
#      SRLC16E                     : 1
# Clock Buffers                    : 1
#      BUFGP                       : 1
# IO Buffers                       : 16
#      OBUF                        : 16

Device utilization summary:
---------------------------

Selected Device : 6slx16csg324-3 


Slice Logic Utilization: 
 Number of Slice Registers:               2  out of  18224     0%  
 Number of Slice LUTs:                    1  out of   9112     0%  
    Number used as Memory:                1  out of   2176     0%  
       Number used as SRL:                1

Slice Logic Distribution: 
 Number of LUT Flip Flop pairs used:      3
   Number with an unused Flip Flop:       1  out of      3    33%  
   Number with an unused LUT:             2  out of      3    66%  
   Number of fully used LUT-FF pairs:     0  out of      3     0%  
   Number of unique control sets:         2

IO Utilization: 
 Number of IOs:                          21
 Number of bonded IOBs:                  17  out of    232     7%  
    IOB Flip Flops/Latches:               1

Specific Feature Utilization:
 Number of BUFG/BUFGCTRLs:                1  out of     16     6%  

---------------------------
Partition Resource Summary:
---------------------------

  No Partitions were found in this design.

---------------------------


=========================================================================
Timing Report

NOTE: THESE TIMING NUMBERS ARE ONLY A SYNTHESIS ESTIMATE.
      FOR ACCURATE TIMING INFORMATION PLEASE REFER TO THE TRACE REPORT
      GENERATED AFTER PLACE-and-ROUTE.

Clock Information:
------------------
-----------------------------------+------------------------+-------+
Clock Signal                       | Clock buffer(FF name)  | Load  |
-----------------------------------+------------------------+-------+
i_Clock                            | BUFGP                  | 4     |
-----------------------------------+------------------------+-------+

Asynchronous Control Signals Information:
----------------------------------------
No asynchronous control signals found in this design

Timing Summary:
---------------
Speed Grade: -3

   Minimum period: 1.415ns (Maximum Frequency: 706.714MHz)
   Minimum input arrival time before clock: No path found
   Maximum output required time after clock: 3.634ns
   Maximum combinational path delay: No path found

Timing Details:
---------------
All values displayed in nanoseconds (ns)

=========================================================================
Timing constraint: Default period analysis for Clock 'i_Clock'
  Clock period: 1.415ns (frequency: 706.714MHz)
  Total number of paths / destination ports: 2 / 2
-------------------------------------------------------------------------
Delay:               1.415ns (Levels of Logic = 0)
  Source:            Mshreg_r_Shift_Regular_2 (FF)
  Destination:       r_Shift_Regular_2 (FF)
  Source Clock:      i_Clock rising
  Destination Clock: i_Clock rising

  Data Path: Mshreg_r_Shift_Regular_2 to r_Shift_Regular_2
                                Gate     Net
    Cell:in->out      fanout   Delay   Delay  Logical Name (Net Name)
    ----------------------------------------  ------------
     SRLC16E:CLK->Q        1   1.313   0.000  Mshreg_r_Shift_Regular_2 (Mshreg_r_Shift_Regular_2)
     FDE:D                     0.102          r_Shift_Regular_2
    ----------------------------------------
    Total                      1.415ns (1.415ns logic, 0.000ns route)
                                       (100.0% logic, 0.0% route)

=========================================================================
Timing constraint: Default OFFSET OUT AFTER for Clock 'i_Clock'
  Total number of paths / destination ports: 3 / 3
-------------------------------------------------------------------------
Offset:              3.634ns (Levels of Logic = 1)
  Source:            r_Shift_Regular_2 (FF)
  Destination:       output2<2> (PAD)
  Source Clock:      i_Clock rising

  Data Path: r_Shift_Regular_2 to output2<2>
                                Gate     Net
    Cell:in->out      fanout   Delay   Delay  Logical Name (Net Name)
    ----------------------------------------  ------------
     FDE:C->Q              2   0.447   0.616  r_Shift_Regular_2 (r_Shift_Regular_2)
     OBUF:I->O                 2.571          output2_2_OBUF (output2<2>)
    ----------------------------------------
    Total                      3.634ns (3.018ns logic, 0.616ns route)
                                       (83.0% logic, 17.0% route)

=========================================================================

Cross Clock Domains Report:
--------------------------

Clock to Setup on destination clock i_Clock
---------------+---------+---------+---------+---------+
               | Src:Rise| Src:Fall| Src:Rise| Src:Fall|
Source Clock   |Dest:Rise|Dest:Rise|Dest:Fall|Dest:Fall|
---------------+---------+---------+---------+---------+
i_Clock        |    1.415|         |         |         |
---------------+---------+---------+---------+---------+

=========================================================================


Total REAL time to Xst completion: 1.00 secs
Total CPU time to Xst completion: 1.72 secs
 
--> 

Total memory usage is 259280 kilobytes

Number of errors   :    0 (   0 filtered)
Number of warnings :   12 (   0 filtered)
Number of infos    :    0 (   0 filtered)

